<?xml version="1.0" encoding="UTF-8" ?>
<testsuites>
  <testsuite errors="1" failures="2" hostname="borrero-Satellite-L745" id="0" name="UserControllerSpec" package="com.timeshots.blacklabel.onlinedirectory" tests="7" time="7.958" timestamp="2014-07-26T02:19:05">
      <properties />

      <testcase classname="com.timeshots.blacklabel.onlinedirectory.UserControllerSpec" name="Test the index action returns the correct model" time="5.843" />

      <testcase classname="com.timeshots.blacklabel.onlinedirectory.UserControllerSpec" name="Test the create action returns the correct model" time="0.279" />

      <testcase classname="com.timeshots.blacklabel.onlinedirectory.UserControllerSpec" name="Test the save action correctly persists an instance" time="0.761">
          <error message="Cannot redirect for object [null] it is not a domain or has no identifier. Use an explicit redirect instead " type="org.codehaus.groovy.grails.web.servlet.mvc.exceptions.CannotRedirectException">org.codehaus.groovy.grails.web.servlet.mvc.exceptions.CannotRedirectException: Cannot redirect for object [null] it is not a domain or has no identifier. Use an explicit redirect instead 
	at com.timeshots.blacklabel.onlinedirectory.UserController.tt__save_closure12_closure17(UserController.groovy:61)
	at com.timeshots.blacklabel.onlinedirectory.UserController.$tt__save(UserController.groovy:58)
	at com.timeshots.blacklabel.onlinedirectory.UserControllerSpec.Test the save action correctly persists an instance(UserControllerSpec.groovy:51)
</error>

      </testcase>

      <testcase classname="com.timeshots.blacklabel.onlinedirectory.UserControllerSpec" name="Test that the show action returns the correct model" time="0.166" />

      <testcase classname="com.timeshots.blacklabel.onlinedirectory.UserControllerSpec" name="Test that the edit action returns the correct model" time="0.119" />

      <testcase classname="com.timeshots.blacklabel.onlinedirectory.UserControllerSpec" name="Test the update action performs an update on a valid domain instance" time="0.514">
          <failure message="Condition not satisfied:&#xa;&#xa;response.redirectedUrl == &apos;/user/index&apos;&#xa;|        |             |&#xa;|        /             false&#xa;|                      10 differences (9% similarity)&#xa;|                      /(----------)&#xa;|                      /(user/index)&#xa;org.codehaus.groovy.grails.plugins.testing.GrailsMockHttpServletResponse@13bedb9&#xa;" type="junit.framework.AssertionFailedError">junit.framework.AssertionFailedError: Condition not satisfied:

response.redirectedUrl == &apos;/user/index&apos;
|        |             |
|        /             false
|                      10 differences (9% similarity)
|                      /(----------)
|                      /(user/index)
org.codehaus.groovy.grails.plugins.testing.GrailsMockHttpServletResponse@13bedb9

	at com.timeshots.blacklabel.onlinedirectory.UserControllerSpec.Test the update action performs an update on a valid domain instance(UserControllerSpec.groovy:97)
</failure>

      </testcase>

      <testcase classname="com.timeshots.blacklabel.onlinedirectory.UserControllerSpec" name="Test that the delete action deletes an instance if it exists" time="0.241">
          <failure message="Condition not satisfied:&#xa;&#xa;response.redirectedUrl == &apos;/user/index&apos;&#xa;|        |             |&#xa;|        /             false&#xa;|                      10 differences (9% similarity)&#xa;|                      /(----------)&#xa;|                      /(user/index)&#xa;org.codehaus.groovy.grails.plugins.testing.GrailsMockHttpServletResponse@19049bb&#xa;" type="junit.framework.AssertionFailedError">junit.framework.AssertionFailedError: Condition not satisfied:

response.redirectedUrl == &apos;/user/index&apos;
|        |             |
|        /             false
|                      10 differences (9% similarity)
|                      /(----------)
|                      /(user/index)
org.codehaus.groovy.grails.plugins.testing.GrailsMockHttpServletResponse@19049bb

	at com.timeshots.blacklabel.onlinedirectory.UserControllerSpec.Test that the delete action deletes an instance if it exists(UserControllerSpec.groovy:128)
</failure>

      </testcase>

      <system-out><![CDATA[--Output from Test the index action returns the correct model--
--Output from Test the create action returns the correct model--
--Output from Test the save action correctly persists an instance--
--Output from Test that the show action returns the correct model--
--Output from Test that the edit action returns the correct model--
--Output from Test the update action performs an update on a valid domain instance--
--Output from Test that the delete action deletes an instance if it exists--
]]></system-out>

      <system-err><![CDATA[--Output from Test the index action returns the correct model--
--Output from Test the create action returns the correct model--
--Output from Test the save action correctly persists an instance--
--Output from Test that the show action returns the correct model--
--Output from Test that the edit action returns the correct model--
--Output from Test the update action performs an update on a valid domain instance--
--Output from Test that the delete action deletes an instance if it exists--
]]></system-err>

  </testsuite>
</testsuites>
